----------------------------------------------------------------
2011-06-20 21:19:55.361 GMT:
 Booting Derby version The Apache Software Foundation - Apache Derby - 10.5.3.0 - (802917): instance a816c00e-0130-aeec-8986-000002a06ad8
on database directory /tmp/repository/version/db  

Database Class Loader started - derby.database.classpath=''
----------------------------------------------------------------
2011-06-20 21:19:55.886 GMT:
 Booting Derby version The Apache Software Foundation - Apache Derby - 10.5.3.0 - (802917): instance 888c4022-0130-aeec-8986-000002a06ad8
on database directory /tmp/repository/workspaces/default/db  

Database Class Loader started - derby.database.classpath=''
----------------------------------------------------------------
2011-06-20 21:19:56.652 GMT:
 Booting Derby version The Apache Software Foundation - Apache Derby - 10.5.3.0 - (802917): instance e1734037-0130-aeec-8986-000002a06ad8
on database directory /tmp/repository/workspaces/security/db  

Database Class Loader started - derby.database.classpath=''

2011-06-20 21:19:57.288 GMT:
Shutting down instance 888c4022-0130-aeec-8986-000002a06ad8
----------------------------------------------------------------

2011-06-20 21:19:57.304 GMT:
Shutting down instance e1734037-0130-aeec-8986-000002a06ad8
----------------------------------------------------------------

2011-06-20 21:19:57.308 GMT:
Shutting down instance a816c00e-0130-aeec-8986-000002a06ad8
----------------------------------------------------------------
